#
# There is insufficient memory for the Java Runtime Environment to continue.
# Native memory allocation (malloc) failed to allocate 1566736 bytes. Error detail: Chunk::new
# Possible reasons:
#   The system is out of physical RAM or swap space
#   This process is running with CompressedOops enabled, and the Java Heap may be blocking the growth of the native heap
# Possible solutions:
#   Reduce memory load on the system
#   Increase physical memory or swap space
#   Check if swap backing store is full
#   Decrease Java heap size (-Xmx/-Xms)
#   Decrease number of Java threads
#   Decrease Java thread stack sizes (-Xss)
#   Set larger code cache with -XX:ReservedCodeCacheSize=
#   JVM is running with Unscaled Compressed Oops mode in which the Java heap is
#     placed in the first 4GB address space. The Java Heap base address is the
#     maximum limit for the native heap growth. Please use -XX:HeapBaseMinAddress
#     to set the Java Heap base and to place the Java Heap above 4GB virtual address.
# This output file may be truncated or incomplete.
#
#  Out of Memory Error (arena.cpp:168), pid=9352, tid=14520
#
# JRE version: OpenJDK Runtime Environment Temurin-21.0.10+7 (21.0.10+7) (build 21.0.10+7-LTS)
# Java VM: OpenJDK 64-Bit Server VM Temurin-21.0.10+7 (21.0.10+7-LTS, mixed mode, sharing, tiered, compressed oops, compressed class ptrs, parallel gc, windows-amd64)
# No core dump will be written. Minidumps are not enabled by default on client versions of Windows
#

---------------  S U M M A R Y ------------

Command Line: --add-modules=ALL-SYSTEM --add-opens=java.base/java.util=ALL-UNNAMED --add-opens=java.base/java.lang=ALL-UNNAMED --add-opens=java.base/sun.nio.fs=ALL-UNNAMED -Declipse.application=org.eclipse.jdt.ls.core.id1 -Dosgi.bundles.defaultStartLevel=4 -Declipse.product=org.eclipse.jdt.ls.core.product -Djava.import.generatesMetadataFilesAtProjectRoot=false -DDetectVMInstallationsJob.disabled=true -Dfile.encoding=utf8 -XX:+UseParallelGC -XX:GCTimeRatio=4 -XX:AdaptiveSizePolicyWeight=90 -Dsun.zip.disableMemoryMapping=true -Xmx2G -Xms100m -Xlog:disable -javaagent:c:\Users\Lenovo\.vscode\extensions\redhat.java-1.54.0-win32-x64\lombok\lombok-1.18.39-4050.jar -XX:+HeapDumpOnOutOfMemoryError -XX:HeapDumpPath=c:\Users\Lenovo\AppData\Roaming\Code\User\workspaceStorage\a4d4b5d5a47f321648e89800caf37509\redhat.java -Daether.dependencyCollector.impl=bf c:\Users\Lenovo\.vscode\extensions\redhat.java-1.54.0-win32-x64\server\plugins\org.eclipse.equinox.launcher_1.7.100.v20251111-0406.jar -configuration c:\Users\Lenovo\AppData\Roaming\Code\User\globalStorage\redhat.java\1.54.0\config_win -data c:\Users\Lenovo\AppData\Roaming\Code\User\workspaceStorage\a4d4b5d5a47f321648e89800caf37509\redhat.java\jdt_ws --pipe=\\.\pipe\lsp-ced9e4ad0938a67a4cf4fd9444ef35d3-sock

Host: AMD Athlon Silver 3050U with Radeon Graphics   , 2 cores, 3G,  Windows 11 , 64 bit Build 26100 (10.0.26100.8328)
Time: Wed May 27 16:40:37 2026 Hora est. Sudam廨ica Pac璗ico elapsed time: 794.855183 seconds (0d 0h 13m 14s)

---------------  T H R E A D  ---------------

Current thread (0x0000019da9117b90):  JavaThread "C2 CompilerThread0" daemon [_thread_in_native, id=14520, stack(0x0000005db1100000,0x0000005db1200000) (1024K)]


Current CompileTask:
C2:794855 20325   !   4       org.eclipse.jdt.internal.compiler.lookup.BinaryTypeBinding::cachePartsFrom2 (1809 bytes)

Stack: [0x0000005db1100000,0x0000005db1200000]
Native frames: (J=compiled Java code, j=interpreted, Vv=VM code, C=native code)
V  [jvm.dll+0x6d7a39]
V  [jvm.dll+0x8b4b26]
V  [jvm.dll+0x8b70de]
V  [jvm.dll+0x8b77c3]
V  [jvm.dll+0x284346]
V  [jvm.dll+0xc66ed]
V  [jvm.dll+0xc6c31]
V  [jvm.dll+0x3bec01]
V  [jvm.dll+0x38b162]
V  [jvm.dll+0x38a5aa]
V  [jvm.dll+0x24c560]
V  [jvm.dll+0x24bb40]
V  [jvm.dll+0x1cb34e]
V  [jvm.dll+0x25b85d]
V  [jvm.dll+0x259dea]
V  [jvm.dll+0x3f857e]
V  [jvm.dll+0x85f59d]
V  [jvm.dll+0x6d626d]
C  [ucrtbase.dll+0x37b0]
C  [KERNEL32.DLL+0x2e957]
C  [ntdll.dll+0x427c]


---------------  P R O C E S S  ---------------

Threads class SMR info:
_java_thread_list=0x0000019e0122a210, length=40, elements={
0x0000019da925cfc0, 0x0000019da9109410, 0x0000019da910ceb0, 0x0000019da9110430,
0x0000019da91136b0, 0x0000019da9114390, 0x0000019da9114df0, 0x0000019da9117b90,
0x0000019da918f540, 0x0000019e01300380, 0x0000019e0145f450, 0x0000019e01669220,
0x0000019e013dca20, 0x0000019e0132fa00, 0x0000019e01652030, 0x0000019e01de2c30,
0x0000019e0188d2d0, 0x0000019e061df4d0, 0x0000019e01ae6670, 0x0000019e06834fe0,
0x0000019e068342c0, 0x0000019e06836390, 0x0000019e068370b0, 0x0000019e06835d00,
0x0000019e06835670, 0x0000019e06834950, 0x0000019e06839180, 0x0000019e08f50b60,
0x0000019e08f55a20, 0x0000019e08f51f10, 0x0000019e08f4f120, 0x0000019e08f53950,
0x0000019e08f54d00, 0x0000019e08f56740, 0x0000019e08f54670, 0x0000019e08f560b0,
0x0000019e08f532c0, 0x0000019e06836a20, 0x0000019e06837dd0, 0x0000019e078ec7f0
}

Java Threads: ( => current thread )
  0x0000019da925cfc0 JavaThread "main"                              [_thread_blocked, id=11736, stack(0x0000005db0600000,0x0000005db0700000) (1024K)]
  0x0000019da9109410 JavaThread "Reference Handler"          daemon [_thread_blocked, id=2104, stack(0x0000005db0b00000,0x0000005db0c00000) (1024K)]
  0x0000019da910ceb0 JavaThread "Finalizer"                  daemon [_thread_blocked, id=4656, stack(0x0000005db0c00000,0x0000005db0d00000) (1024K)]
  0x0000019da9110430 JavaThread "Signal Dispatcher"          daemon [_thread_blocked, id=6028, stack(0x0000005db0d00000,0x0000005db0e00000) (1024K)]
  0x0000019da91136b0 JavaThread "Attach Listener"            daemon [_thread_blocked, id=12304, stack(0x0000005db0e00000,0x0000005db0f00000) (1024K)]
  0x0000019da9114390 JavaThread "Service Thread"             daemon [_thread_blocked, id=13976, stack(0x0000005db0f00000,0x0000005db1000000) (1024K)]
  0x0000019da9114df0 JavaThread "Monitor Deflation Thread"   daemon [_thread_blocked, id=17848, stack(0x0000005db1000000,0x0000005db1100000) (1024K)]
=>0x0000019da9117b90 JavaThread "C2 CompilerThread0"         daemon [_thread_in_native, id=14520, stack(0x0000005db1100000,0x0000005db1200000) (1024K)]
  0x0000019da918f540 JavaThread "C1 CompilerThread0"         daemon [_thread_blocked, id=14136, stack(0x0000005db1200000,0x0000005db1300000) (1024K)]
  0x0000019e01300380 JavaThread "Common-Cleaner"             daemon [_thread_blocked, id=8600, stack(0x0000005db1300000,0x0000005db1400000) (1024K)]
  0x0000019e0145f450 JavaThread "Notification Thread"        daemon [_thread_blocked, id=11388, stack(0x0000005db1400000,0x0000005db1500000) (1024K)]
  0x0000019e01669220 JavaThread "Active Thread: Equinox Container: 6dc0695a-a1b6-4b94-b692-566af26a8494"        [_thread_blocked, id=12652, stack(0x0000005db1600000,0x0000005db1700000) (1024K)]
  0x0000019e013dca20 JavaThread "Refresh Thread: Equinox Container: 6dc0695a-a1b6-4b94-b692-566af26a8494" daemon [_thread_blocked, id=11884, stack(0x0000005db1700000,0x0000005db1800000) (1024K)]
  0x0000019e0132fa00 JavaThread "Framework Event Dispatcher: Equinox Container: 6dc0695a-a1b6-4b94-b692-566af26a8494" daemon [_thread_blocked, id=13736, stack(0x0000005db1800000,0x0000005db1900000) (1024K)]
  0x0000019e01652030 JavaThread "Start Level: Equinox Container: 6dc0695a-a1b6-4b94-b692-566af26a8494" daemon [_thread_blocked, id=2436, stack(0x0000005db1900000,0x0000005db1a00000) (1024K)]
  0x0000019e01de2c30 JavaThread "Bundle File Closer"         daemon [_thread_blocked, id=3408, stack(0x0000005db1a00000,0x0000005db1b00000) (1024K)]
  0x0000019e0188d2d0 JavaThread "SCR Component Actor"        daemon [_thread_blocked, id=18288, stack(0x0000005db0700000,0x0000005db0800000) (1024K)]
  0x0000019e061df4d0 JavaThread "Worker-JM"                         [_thread_blocked, id=1780, stack(0x0000005db1b00000,0x0000005db1c00000) (1024K)]
  0x0000019e01ae6670 JavaThread "JNA Cleaner"                daemon [_thread_blocked, id=7304, stack(0x0000005db1d00000,0x0000005db1e00000) (1024K)]
  0x0000019e06834fe0 JavaThread "Java indexing"              daemon [_thread_blocked, id=8608, stack(0x0000005db2100000,0x0000005db2200000) (1024K)]
  0x0000019e068342c0 JavaThread "Thread-1"                   daemon [_thread_in_native, id=14376, stack(0x0000005db2600000,0x0000005db2700000) (1024K)]
  0x0000019e06836390 JavaThread "Thread-2"                   daemon [_thread_in_native, id=16912, stack(0x0000005db2700000,0x0000005db2800000) (1024K)]
  0x0000019e068370b0 JavaThread "Thread-3"                   daemon [_thread_in_native, id=4808, stack(0x0000005db2800000,0x0000005db2900000) (1024K)]
  0x0000019e06835d00 JavaThread "pool-2-thread-1"                   [_thread_blocked, id=6084, stack(0x0000005db2900000,0x0000005db2a00000) (1024K)]
  0x0000019e06835670 JavaThread "WorkspaceEventsHandler"            [_thread_blocked, id=1352, stack(0x0000005db2a00000,0x0000005db2b00000) (1024K)]
  0x0000019e06834950 JavaThread "pool-1-thread-1"                   [_thread_blocked, id=16116, stack(0x0000005db2b00000,0x0000005db2c00000) (1024K)]
  0x0000019e06839180 JavaThread "Worker-5"                          [_thread_blocked, id=568, stack(0x0000005db0500000,0x0000005db0600000) (1024K)]
  0x0000019e08f50b60 JavaThread "Cleaner-0"                  daemon [_thread_blocked, id=17680, stack(0x0000005db2200000,0x0000005db2300000) (1024K)]
  0x0000019e08f55a20 JavaThread "Worker-9"                          [_thread_blocked, id=13828, stack(0x0000005db2e00000,0x0000005db2f00000) (1024K)]
  0x0000019e08f51f10 JavaThread "Worker-12"                         [_thread_blocked, id=11764, stack(0x0000005db1c00000,0x0000005db1d00000) (1024K)]
  0x0000019e08f4f120 JavaThread "Worker-13"                         [_thread_blocked, id=6348, stack(0x0000005db1e00000,0x0000005db1f00000) (1024K)]
  0x0000019e08f53950 JavaThread "Worker-14"                         [_thread_blocked, id=17460, stack(0x0000005db1f00000,0x0000005db2000000) (1024K)]
  0x0000019e08f54d00 JavaThread "Worker-15"                         [_thread_blocked, id=7792, stack(0x0000005db2000000,0x0000005db2100000) (1024K)]
  0x0000019e08f56740 JavaThread "LocalFile Deleter"          daemon [_thread_blocked, id=6784, stack(0x0000005db2300000,0x0000005db2400000) (1024K)]
  0x0000019e08f54670 JavaThread "LocalFile Deleter"          daemon [_thread_blocked, id=4732, stack(0x0000005db2400000,0x0000005db2500000) (1024K)]
  0x0000019e08f560b0 JavaThread "Worker-16"                         [_thread_blocked, id=3748, stack(0x0000005db2500000,0x0000005db2600000) (1024K)]
  0x0000019e08f532c0 JavaThread "Compiler Processing Task"   daemon [_thread_blocked, id=14600, stack(0x0000005db2c00000,0x0000005db2d00000) (1024K)]
  0x0000019e06836a20 JavaThread "Compiler Class File Writer" daemon [_thread_blocked, id=7448, stack(0x0000005db2d00000,0x0000005db2e00000) (1024K)]
  0x0000019e06837dd0 JavaThread "Worker-17"                         [_thread_blocked, id=11816, stack(0x0000005db2f00000,0x0000005db3000000) (1024K)]
  0x0000019e078ec7f0 JavaThread "ForkJoinPool.commonPool-worker-4" daemon [_thread_blocked, id=4768, stack(0x0000005db3200000,0x0000005db3300000) (1024K)]
Total: 40

Other Threads:
  0x0000019da931c650 VMThread "VM Thread"                           [id=16584, stack(0x0000005db0a00000,0x0000005db0b00000) (1024K)]
  0x0000019da90eca00 WatcherThread "VM Periodic Task Thread"        [id=13472, stack(0x0000005db0900000,0x0000005db0a00000) (1024K)]
  0x0000019da927b200 WorkerThread "GC Thread#0"                     [id=15552, stack(0x0000005db0800000,0x0000005db0900000) (1024K)]
  0x0000019e01874e10 WorkerThread "GC Thread#1"                     [id=14756, stack(0x0000005db1500000,0x0000005db1600000) (1024K)]
Total: 4

Threads with active compile tasks:
C2 CompilerThread0  795097 20325   !   4       org.eclipse.jdt.internal.compiler.lookup.BinaryTypeBinding::cachePartsFrom2 (1809 bytes)
Total: 1

VM state: not at safepoint (normal execution)

VM Mutex/Monitor currently owned by a thread: None

Heap address: 0x0000000080000000, size: 2048 MB, Compressed Oops mode: 32-bit

CDS archive(s) mapped at: [0x0000019dc0000000-0x0000019dc0ba0000-0x0000019dc0ba0000), size 12189696, SharedBaseAddress: 0x0000019dc0000000, ArchiveRelocationMode: 1.
Compressed class space mapped at: 0x0000019dc1000000-0x0000019e01000000, reserved size: 1073741824
Narrow klass base: 0x0000019dc0000000, Narrow klass shift: 0, Narrow klass range: 0x100000000

GC Precious Log:
 CardTable entry size: 512
 CPUs: 2 total, 2 available
 Memory: 3460M
 Large Page Support: Disabled
 NUMA Support: Disabled
 Compressed Oops: Enabled (32-bit)
 Alignments: Space 512K, Generation 512K, Heap 2M
 Heap Min Capacity: 100M
 Heap Initial Capacity: 100M
 Heap Max Capacity: 2G
 Pre-touch: Disabled
 Parallel Workers: 2

Heap:
 PSYoungGen      total 3072K, used 2086K [0x00000000d5580000, 0x00000000d5980000, 0x0000000100000000)
  eden space 2560K, 72% used [0x00000000d5580000,0x00000000d57518f0,0x00000000d5800000)
  from space 512K, 43% used [0x00000000d5900000,0x00000000d5938000,0x00000000d5980000)
  to   space 512K, 0% used [0x00000000d5880000,0x00000000d5880000,0x00000000d5900000)
 ParOldGen       total 1225216K, used 1225031K [0x0000000080000000, 0x00000000cac80000, 0x00000000d5580000)
  object space 1225216K, 99% used [0x0000000080000000,0x00000000cac51f68,0x00000000cac80000)
 Metaspace       used 84374K, committed 86336K, reserved 1179648K
  class space    used 8538K, committed 9408K, reserved 1048576K

Card table byte_map: [0x0000019da8c00000,0x0000019da9010000] _byte_map_base: 0x0000019da8800000

Marking Bits: (ParMarkBitMap*) 0x00007ffecc3e3450
 Begin Bits: [0x0000019dbb710000, 0x0000019dbd710000)
 End Bits:   [0x0000019dbd710000, 0x0000019dbf710000)

Polling page: 0x0000019da7070000

Metaspace:

Usage:
  Non-class:     74.06 MB used.
      Class:      8.34 MB used.
       Both:     82.40 MB used.

Virtual space:
  Non-class space:      128.00 MB reserved,      75.12 MB ( 59%) committed,  2 nodes.
      Class space:        1.00 GB reserved,       9.19 MB ( <1%) committed,  1 nodes.
             Both:        1.12 GB reserved,      84.31 MB (  7%) committed. 

Chunk freelists:
   Non-Class:  4.27 MB
       Class:  6.84 MB
        Both:  11.11 MB

MaxMetaspaceSize: unlimited
CompressedClassSpaceSize: 1.00 GB
Initial GC threshold: 21.00 MB
Current GC threshold: 130.31 MB
CDS: on
 - commit_granule_bytes: 65536.
 - commit_granule_words: 8192.
 - virtual_space_node_default_size: 8388608.
 - enlarge_chunks_in_place: 1.
 - use_allocation_guard: 0.


Internal statistics:

num_allocs_failed_limit: 13.
num_arena_births: 1672.
num_arena_deaths: 14.
num_vsnodes_births: 3.
num_vsnodes_deaths: 0.
num_space_committed: 1349.
num_space_uncommitted: 0.
num_chunks_returned_to_freelist: 27.
num_chunks_taken_from_freelist: 5903.
num_chunk_merges: 16.
num_chunk_splits: 3596.
num_chunks_enlarged: 2014.
num_inconsistent_stats: 0.

CodeHeap 'non-profiled nmethods': size=120064Kb used=21356Kb max_used=21356Kb free=98707Kb
 bounds [0x0000019db3f20000, 0x0000019db5400000, 0x0000019dbb460000]
CodeHeap 'profiled nmethods': size=120000Kb used=48316Kb max_used=48316Kb free=71683Kb
 bounds [0x0000019dac460000, 0x0000019daf390000, 0x0000019db3990000]
CodeHeap 'non-nmethods': size=5696Kb used=1487Kb max_used=1545Kb free=4208Kb
 bounds [0x0000019db3990000, 0x0000019db3c00000, 0x0000019db3f20000]
CodeCache: size=245760Kb, used=71159Kb, max_used=71217Kb, free=174598Kb
 total_blobs=19452, nmethods=18646, adapters=708, full_count=0
Compilation: enabled, stopped_count=0, restarted_count=0

Compilation events (20 events):
Event: 794.254 Thread 0x0000019da918f540 nmethod 20318 0x0000019db53f7590 code [0x0000019db53f7720, 0x0000019db53f77e8]
Event: 794.298 Thread 0x0000019da9117b90 nmethod 20320 0x0000019db53f7890 code [0x0000019db53f7ac0, 0x0000019db53f81e8]
Event: 794.353 Thread 0x0000019da918f540 20321       1       org.eclipse.jdt.internal.compiler.lookup.AnnotationHolder::getParameterAnnotations (2 bytes)
Event: 794.354 Thread 0x0000019da918f540 nmethod 20321 0x0000019db53f8910 code [0x0000019db53f8aa0, 0x0000019db53f8b70]
Event: 794.366 Thread 0x0000019da9117b90 20322       4       org.eclipse.jdt.internal.compiler.lookup.LookupEnvironment::convertUnresolvedBinaryToRawType (291 bytes)
Event: 794.400 Thread 0x0000019da9117b90 nmethod 20322 0x0000019db53f8c10 code [0x0000019db53f8e20, 0x0000019db53f93c0]
Event: 794.410 Thread 0x0000019da918f540 20323       1       org.eclipse.jdt.internal.compiler.ast.ASTNode::isType (2 bytes)
Event: 794.411 Thread 0x0000019da918f540 nmethod 20323 0x0000019db53f9890 code [0x0000019db53f9a20, 0x0000019db53f9ae8]
Event: 794.458 Thread 0x0000019da9117b90 20324       4       org.eclipse.jdt.internal.compiler.lookup.BinaryTypeBinding::getTypeAnnotationWalker (128 bytes)
Event: 794.531 Thread 0x0000019da9117b90 nmethod 20324 0x0000019db53f9b90 code [0x0000019db53f9dc0, 0x0000019db53fa9b0]
Event: 794.531 Thread 0x0000019da9117b90 20325   !   4       org.eclipse.jdt.internal.compiler.lookup.BinaryTypeBinding::cachePartsFrom2 (1809 bytes)
Event: 794.534 Thread 0x0000019da918f540 20326       3       org.eclipse.jdt.internal.compiler.lookup.ArrayBinding::swapUnresolved (69 bytes)
Event: 794.534 Thread 0x0000019da918f540 nmethod 20326 0x0000019daf38b190 code [0x0000019daf38b360, 0x0000019daf38b6e0]
Event: 794.638 Thread 0x0000019da918f540 20330       3       org.eclipse.jdt.internal.core.hierarchy.HierarchyResolver::subTypeOfType (14 bytes)
Event: 794.649 Thread 0x0000019da918f540 nmethod 20330 0x0000019daf38b890 code [0x0000019daf38ba60, 0x0000019daf38be38]
Event: 794.649 Thread 0x0000019da918f540 20332  s!   3       org.eclipse.jdt.core.dom.TypeBinding::getDeclaredMethods (220 bytes)
Event: 794.717 Thread 0x0000019da918f540 nmethod 20332 0x0000019daf38c010 code [0x0000019daf38c300, 0x0000019daf38d7e8]
Event: 794.778 Thread 0x0000019da918f540 20334       3       org.eclipse.jdt.core.dom.BindingComparator::isEqual (60 bytes)
Event: 794.778 Thread 0x0000019da918f540 nmethod 20334 0x0000019daf38de90 code [0x0000019daf38e0a0, 0x0000019daf38e780]
Event: 794.778 Thread 0x0000019da918f540 20335       3       org.eclipse.jdt.core.dom.BooleanLiteral::accept0 (12 bytes)

GC Heap History (20 events):
Event: 793.519 GC heap before
{Heap before GC invocations=1647 (full 4):
 PSYoungGen      total 2560K, used 2560K [0x00000000d5580000, 0x00000000d6480000, 0x0000000100000000)
  eden space 512K, 100% used [0x00000000d5580000,0x00000000d5600000,0x00000000d5600000)
  from space 2048K, 100% used [0x00000000d5b80000,0x00000000d5d80000,0x00000000d5d80000)
  to   space 5632K, 0% used [0x00000000d5600000,0x00000000d5600000,0x00000000d5b80000)
 ParOldGen       total 1219072K, used 1218995K [0x0000000080000000, 0x00000000ca680000, 0x00000000d5580000)
  object space 1219072K, 99% used [0x0000000080000000,0x00000000ca66cd68,0x00000000ca680000)
 Metaspace       used 84356K, committed 86336K, reserved 1179648K
  class space    used 8538K, committed 9408K, reserved 1048576K
}
Event: 793.527 GC heap after
{Heap after GC invocations=1647 (full 4):
 PSYoungGen      total 1024K, used 480K [0x00000000d5580000, 0x00000000d5c00000, 0x0000000100000000)
  eden space 512K, 0% used [0x00000000d5580000,0x00000000d5580000,0x00000000d5600000)
  from space 512K, 93% used [0x00000000d5600000,0x00000000d5678000,0x00000000d5680000)
  to   space 2048K, 0% used [0x00000000d5a00000,0x00000000d5a00000,0x00000000d5c00000)
 ParOldGen       total 1221120K, used 1221059K [0x0000000080000000, 0x00000000ca880000, 0x00000000d5580000)
  object space 1221120K, 99% used [0x0000000080000000,0x00000000ca870d68,0x00000000ca880000)
 Metaspace       used 84356K, committed 86336K, reserved 1179648K
  class space    used 8538K, committed 9408K, reserved 1048576K
}
Event: 793.544 GC heap before
{Heap before GC invocations=1648 (full 4):
 PSYoungGen      total 1024K, used 992K [0x00000000d5580000, 0x00000000d5c00000, 0x0000000100000000)
  eden space 512K, 100% used [0x00000000d5580000,0x00000000d5600000,0x00000000d5600000)
  from space 512K, 93% used [0x00000000d5600000,0x00000000d5678000,0x00000000d5680000)
  to   space 2048K, 0% used [0x00000000d5a00000,0x00000000d5a00000,0x00000000d5c00000)
 ParOldGen       total 1221120K, used 1221059K [0x0000000080000000, 0x00000000ca880000, 0x00000000d5580000)
  object space 1221120K, 99% used [0x0000000080000000,0x00000000ca870d68,0x00000000ca880000)
 Metaspace       used 84356K, committed 86336K, reserved 1179648K
  class space    used 8538K, committed 9408K, reserved 1048576K
}
Event: 793.550 GC heap after
{Heap after GC invocations=1648 (full 4):
 PSYoungGen      total 1536K, used 512K [0x00000000d5580000, 0x00000000d5a80000, 0x0000000100000000)
  eden space 1024K, 0% used [0x00000000d5580000,0x00000000d5580000,0x00000000d5680000)
  from space 512K, 100% used [0x00000000d5a00000,0x00000000d5a80000,0x00000000d5a80000)
  to   space 1024K, 0% used [0x00000000d5880000,0x00000000d5880000,0x00000000d5980000)
 ParOldGen       total 1221632K, used 1221531K [0x0000000080000000, 0x00000000ca900000, 0x00000000d5580000)
  object space 1221632K, 99% used [0x0000000080000000,0x00000000ca8e6d68,0x00000000ca900000)
 Metaspace       used 84356K, committed 86336K, reserved 1179648K
  class space    used 8538K, committed 9408K, reserved 1048576K
}
Event: 793.557 GC heap before
{Heap before GC invocations=1649 (full 4):
 PSYoungGen      total 1536K, used 1536K [0x00000000d5580000, 0x00000000d5a80000, 0x0000000100000000)
  eden space 1024K, 100% used [0x00000000d5580000,0x00000000d5680000,0x00000000d5680000)
  from space 512K, 100% used [0x00000000d5a00000,0x00000000d5a80000,0x00000000d5a80000)
  to   space 1024K, 0% used [0x00000000d5880000,0x00000000d5880000,0x00000000d5980000)
 ParOldGen       total 1221632K, used 1221531K [0x0000000080000000, 0x00000000ca900000, 0x00000000d5580000)
  object space 1221632K, 99% used [0x0000000080000000,0x00000000ca8e6d68,0x00000000ca900000)
 Metaspace       used 84356K, committed 86336K, reserved 1179648K
  class space    used 8538K, committed 9408K, reserved 1048576K
}
Event: 793.561 GC heap after
{Heap after GC invocations=1649 (full 4):
 PSYoungGen      total 2560K, used 992K [0x00000000d5580000, 0x00000000d5a80000, 0x0000000100000000)
  eden space 1536K, 0% used [0x00000000d5580000,0x00000000d5580000,0x00000000d5700000)
  from space 1024K, 96% used [0x00000000d5880000,0x00000000d5978000,0x00000000d5980000)
  to   space 1024K, 0% used [0x00000000d5980000,0x00000000d5980000,0x00000000d5a80000)
 ParOldGen       total 1222144K, used 1222019K [0x0000000080000000, 0x00000000ca980000, 0x00000000d5580000)
  object space 1222144K, 99% used [0x0000000080000000,0x00000000ca960d68,0x00000000ca980000)
 Metaspace       used 84356K, committed 86336K, reserved 1179648K
  class space    used 8538K, committed 9408K, reserved 1048576K
}
Event: 793.788 GC heap before
{Heap before GC invocations=1650 (full 4):
 PSYoungGen      total 2560K, used 2528K [0x00000000d5580000, 0x00000000d5a80000, 0x0000000100000000)
  eden space 1536K, 100% used [0x00000000d5580000,0x00000000d5700000,0x00000000d5700000)
  from space 1024K, 96% used [0x00000000d5880000,0x00000000d5978000,0x00000000d5980000)
  to   space 1024K, 0% used [0x00000000d5980000,0x00000000d5980000,0x00000000d5a80000)
 ParOldGen       total 1222144K, used 1222019K [0x0000000080000000, 0x00000000ca980000, 0x00000000d5580000)
  object space 1222144K, 99% used [0x0000000080000000,0x00000000ca960d68,0x00000000ca980000)
 Metaspace       used 84357K, committed 86336K, reserved 1179648K
  class space    used 8538K, committed 9408K, reserved 1048576K
}
Event: 793.837 GC heap after
{Heap after GC invocations=1650 (full 4):
 PSYoungGen      total 2048K, used 1012K [0x00000000d5580000, 0x00000000d5d80000, 0x0000000100000000)
  eden space 1024K, 0% used [0x00000000d5580000,0x00000000d5580000,0x00000000d5680000)
  from space 1024K, 98% used [0x00000000d5980000,0x00000000d5a7d200,0x00000000d5a80000)
  to   space 3072K, 0% used [0x00000000d5680000,0x00000000d5680000,0x00000000d5980000)
 ParOldGen       total 1223680K, used 1223355K [0x0000000080000000, 0x00000000cab00000, 0x00000000d5580000)
  object space 1223680K, 99% used [0x0000000080000000,0x00000000caaaed68,0x00000000cab00000)
 Metaspace       used 84357K, committed 86336K, reserved 1179648K
  class space    used 8538K, committed 9408K, reserved 1048576K
}
Event: 794.057 GC heap before
{Heap before GC invocations=1651 (full 4):
 PSYoungGen      total 2048K, used 2036K [0x00000000d5580000, 0x00000000d5d80000, 0x0000000100000000)
  eden space 1024K, 100% used [0x00000000d5580000,0x00000000d5680000,0x00000000d5680000)
  from space 1024K, 98% used [0x00000000d5980000,0x00000000d5a7d200,0x00000000d5a80000)
  to   space 3072K, 0% used [0x00000000d5680000,0x00000000d5680000,0x00000000d5980000)
 ParOldGen       total 1223680K, used 1223355K [0x0000000080000000, 0x00000000cab00000, 0x00000000d5580000)
  object space 1223680K, 99% used [0x0000000080000000,0x00000000caaaed68,0x00000000cab00000)
 Metaspace       used 84358K, committed 86336K, reserved 1179648K
  class space    used 8538K, committed 9408K, reserved 1048576K
}
Event: 794.104 GC heap after
{Heap after GC invocations=1651 (full 4):
 PSYoungGen      total 1536K, used 192K [0x00000000d5580000, 0x00000000d5a00000, 0x0000000100000000)
  eden space 1024K, 0% used [0x00000000d5580000,0x00000000d5580000,0x00000000d5680000)
  from space 512K, 37% used [0x00000000d5680000,0x00000000d56b0000,0x00000000d5700000)
  to   space 1024K, 0% used [0x00000000d5900000,0x00000000d5900000,0x00000000d5a00000)
 ParOldGen       total 1224704K, used 1224271K [0x0000000080000000, 0x00000000cac00000, 0x00000000d5580000)
  object space 1224704K, 99% used [0x0000000080000000,0x00000000cab93f68,0x00000000cac00000)
 Metaspace       used 84358K, committed 86336K, reserved 1179648K
  class space    used 8538K, committed 9408K, reserved 1048576K
}
Event: 794.170 GC heap before
{Heap before GC invocations=1652 (full 4):
 PSYoungGen      total 1536K, used 1215K [0x00000000d5580000, 0x00000000d5a00000, 0x0000000100000000)
  eden space 1024K, 99% used [0x00000000d5580000,0x00000000d567fff0,0x00000000d5680000)
  from space 512K, 37% used [0x00000000d5680000,0x00000000d56b0000,0x00000000d5700000)
  to   space 1024K, 0% used [0x00000000d5900000,0x00000000d5900000,0x00000000d5a00000)
 ParOldGen       total 1224704K, used 1224271K [0x0000000080000000, 0x00000000cac00000, 0x00000000d5580000)
  object space 1224704K, 99% used [0x0000000080000000,0x00000000cab93f68,0x00000000cac00000)
 Metaspace       used 84360K, committed 86336K, reserved 1179648K
  class space    used 8538K, committed 9408K, reserved 1048576K
}
Event: 794.175 GC heap after
{Heap after GC invocations=1652 (full 4):
 PSYoungGen      total 1536K, used 256K [0x00000000d5580000, 0x00000000d5980000, 0x0000000100000000)
  eden space 1024K, 0% used [0x00000000d5580000,0x00000000d5580000,0x00000000d5680000)
  from space 512K, 50% used [0x00000000d5900000,0x00000000d5940000,0x00000000d5980000)
  to   space 512K, 0% used [0x00000000d5680000,0x00000000d5680000,0x00000000d5700000)
 ParOldGen       total 1224704K, used 1224455K [0x0000000080000000, 0x00000000cac00000, 0x00000000d5580000)
  object space 1224704K, 99% used [0x0000000080000000,0x00000000cabc1f68,0x00000000cac00000)
 Metaspace       used 84360K, committed 86336K, reserved 1179648K
  class space    used 8538K, committed 9408K, reserved 1048576K
}
Event: 794.176 GC heap before
{Heap before GC invocations=1653 (full 4):
 PSYoungGen      total 1536K, used 1279K [0x00000000d5580000, 0x00000000d5980000, 0x0000000100000000)
  eden space 1024K, 99% used [0x00000000d5580000,0x00000000d567fff0,0x00000000d5680000)
  from space 512K, 50% used [0x00000000d5900000,0x00000000d5940000,0x00000000d5980000)
  to   space 512K, 0% used [0x00000000d5680000,0x00000000d5680000,0x00000000d5700000)
 ParOldGen       total 1224704K, used 1224455K [0x0000000080000000, 0x00000000cac00000, 0x00000000d5580000)
  object space 1224704K, 99% used [0x0000000080000000,0x00000000cabc1f68,0x00000000cac00000)
 Metaspace       used 84360K, committed 86336K, reserved 1179648K
  class space    used 8538K, committed 9408K, reserved 1048576K
}
Event: 794.180 GC heap after
{Heap after GC invocations=1653 (full 4):
 PSYoungGen      total 1536K, used 64K [0x00000000d5580000, 0x00000000d5980000, 0x0000000100000000)
  eden space 1024K, 0% used [0x00000000d5580000,0x00000000d5580000,0x00000000d5680000)
  from space 512K, 12% used [0x00000000d5680000,0x00000000d5690000,0x00000000d5700000)
  to   space 512K, 0% used [0x00000000d5900000,0x00000000d5900000,0x00000000d5980000)
 ParOldGen       total 1224704K, used 1224695K [0x0000000080000000, 0x00000000cac00000, 0x00000000d5580000)
  object space 1224704K, 99% used [0x0000000080000000,0x00000000cabfdf68,0x00000000cac00000)
 Metaspace       used 84360K, committed 86336K, reserved 1179648K
  class space    used 8538K, committed 9408K, reserved 1048576K
}
Event: 794.197 GC heap before
{Heap before GC invocations=1654 (full 4):
 PSYoungGen      total 1536K, used 1088K [0x00000000d5580000, 0x00000000d5980000, 0x0000000100000000)
  eden space 1024K, 100% used [0x00000000d5580000,0x00000000d5680000,0x00000000d5680000)
  from space 512K, 12% used [0x00000000d5680000,0x00000000d5690000,0x00000000d5700000)
  to   space 512K, 0% used [0x00000000d5900000,0x00000000d5900000,0x00000000d5980000)
 ParOldGen       total 1224704K, used 1224695K [0x0000000080000000, 0x00000000cac00000, 0x00000000d5580000)
  object space 1224704K, 99% used [0x0000000080000000,0x00000000cabfdf68,0x00000000cac00000)
 Metaspace       used 84361K, committed 86336K, reserved 1179648K
  class space    used 8538K, committed 9408K, reserved 1048576K
}
Event: 794.213 GC heap after
{Heap after GC invocations=1654 (full 4):
 PSYoungGen      total 2048K, used 192K [0x00000000d5580000, 0x00000000d5980000, 0x0000000100000000)
  eden space 1536K, 0% used [0x00000000d5580000,0x00000000d5580000,0x00000000d5700000)
  from space 512K, 37% used [0x00000000d5900000,0x00000000d5930000,0x00000000d5980000)
  to   space 512K, 0% used [0x00000000d5880000,0x00000000d5880000,0x00000000d5900000)
 ParOldGen       total 1225216K, used 1224719K [0x0000000080000000, 0x00000000cac80000, 0x00000000d5580000)
  object space 1225216K, 99% used [0x0000000080000000,0x00000000cac03f68,0x00000000cac80000)
 Metaspace       used 84361K, committed 86336K, reserved 1179648K
  class space    used 8538K, committed 9408K, reserved 1048576K
}
Event: 794.241 GC heap before
{Heap before GC invocations=1655 (full 4):
 PSYoungGen      total 2048K, used 1728K [0x00000000d5580000, 0x00000000d5980000, 0x0000000100000000)
  eden space 1536K, 100% used [0x00000000d5580000,0x00000000d5700000,0x00000000d5700000)
  from space 512K, 37% used [0x00000000d5900000,0x00000000d5930000,0x00000000d5980000)
  to   space 512K, 0% used [0x00000000d5880000,0x00000000d5880000,0x00000000d5900000)
 ParOldGen       total 1225216K, used 1224719K [0x0000000080000000, 0x00000000cac80000, 0x00000000d5580000)
  object space 1225216K, 99% used [0x0000000080000000,0x00000000cac03f68,0x00000000cac80000)
 Metaspace       used 84362K, committed 86336K, reserved 1179648K
  class space    used 8538K, committed 9408K, reserved 1048576K
}
Event: 794.252 GC heap after
{Heap after GC invocations=1655 (full 4):
 PSYoungGen      total 2560K, used 192K [0x00000000d5580000, 0x00000000d5980000, 0x0000000100000000)
  eden space 2048K, 0% used [0x00000000d5580000,0x00000000d5580000,0x00000000d5780000)
  from space 512K, 37% used [0x00000000d5880000,0x00000000d58b0000,0x00000000d5900000)
  to   space 512K, 0% used [0x00000000d5900000,0x00000000d5900000,0x00000000d5980000)
 ParOldGen       total 1225216K, used 1224871K [0x0000000080000000, 0x00000000cac80000, 0x00000000d5580000)
  object space 1225216K, 99% used [0x0000000080000000,0x00000000cac29f68,0x00000000cac80000)
 Metaspace       used 84362K, committed 86336K, reserved 1179648K
  class space    used 8538K, committed 9408K, reserved 1048576K
}
Event: 794.471 GC heap before
{Heap before GC invocations=1656 (full 4):
 PSYoungGen      total 2560K, used 2240K [0x00000000d5580000, 0x00000000d5980000, 0x0000000100000000)
  eden space 2048K, 100% used [0x00000000d5580000,0x00000000d5780000,0x00000000d5780000)
  from space 512K, 37% used [0x00000000d5880000,0x00000000d58b0000,0x00000000d5900000)
  to   space 512K, 0% used [0x00000000d5900000,0x00000000d5900000,0x00000000d5980000)
 ParOldGen       total 1225216K, used 1224871K [0x0000000080000000, 0x00000000cac80000, 0x00000000d5580000)
  object space 1225216K, 99% used [0x0000000080000000,0x00000000cac29f68,0x00000000cac80000)
 Metaspace       used 84362K, committed 86336K, reserved 1179648K
  class space    used 8538K, committed 9408K, reserved 1048576K
}
Event: 794.530 GC heap after
{Heap after GC invocations=1656 (full 4):
 PSYoungGen      total 3072K, used 224K [0x00000000d5580000, 0x00000000d5980000, 0x0000000100000000)
  eden space 2560K, 0% used [0x00000000d5580000,0x00000000d5580000,0x00000000d5800000)
  from space 512K, 43% used [0x00000000d5900000,0x00000000d5938000,0x00000000d5980000)
  to   space 512K, 0% used [0x00000000d5880000,0x00000000d5880000,0x00000000d5900000)
 ParOldGen       total 1225216K, used 1225031K [0x0000000080000000, 0x00000000cac80000, 0x00000000d5580000)
  object space 1225216K, 99% used [0x0000000080000000,0x00000000cac51f68,0x00000000cac80000)
 Metaspace       used 84362K, committed 86336K, reserved 1179648K
  class space    used 8538K, committed 9408K, reserved 1048576K
}

Dll operation events (10 events):
Event: 0.021 Loaded shared library c:\Users\Lenovo\.vscode\extensions\redhat.java-1.54.0-win32-x64\jre\21.0.10-win32-x86_64\bin\java.dll
Event: 0.376 Loaded shared library c:\Users\Lenovo\.vscode\extensions\redhat.java-1.54.0-win32-x64\jre\21.0.10-win32-x86_64\bin\zip.dll
Event: 1.153 Loaded shared library C:\Users\Lenovo\.vscode\extensions\redhat.java-1.54.0-win32-x64\jre\21.0.10-win32-x86_64\bin\instrument.dll
Event: 1.520 Loaded shared library C:\Users\Lenovo\.vscode\extensions\redhat.java-1.54.0-win32-x64\jre\21.0.10-win32-x86_64\bin\net.dll
Event: 1.527 Loaded shared library C:\Users\Lenovo\.vscode\extensions\redhat.java-1.54.0-win32-x64\jre\21.0.10-win32-x86_64\bin\nio.dll
Event: 1.533 Loaded shared library C:\Users\Lenovo\.vscode\extensions\redhat.java-1.54.0-win32-x64\jre\21.0.10-win32-x86_64\bin\zip.dll
Event: 1.737 Loaded shared library C:\Users\Lenovo\.vscode\extensions\redhat.java-1.54.0-win32-x64\jre\21.0.10-win32-x86_64\bin\jimage.dll
Event: 4.258 Loaded shared library c:\Users\Lenovo\.vscode\extensions\redhat.java-1.54.0-win32-x64\jre\21.0.10-win32-x86_64\bin\verify.dll
Event: 42.224 Loaded shared library C:\Users\Lenovo\AppData\Roaming\Code\User\globalStorage\redhat.java\1.54.0\config_win\org.eclipse.equinox.launcher\org.eclipse.equinox.launcher.win32.win32.x86_64_1.3.0.v20260203-2149\eclipse_11919.dll
Event: 64.967 Loaded shared library C:\Users\Lenovo\AppData\Local\Temp\jna--2022488749\jna5414732264693869808.dll

Deoptimization events (20 events):
Event: 788.530 Thread 0x0000019e078ec7f0 Uncommon trap: trap_request=0xffffffc6 fr.pc=0x0000019db43275e4 relative=0x0000000000000184
Event: 788.530 Thread 0x0000019e078ec7f0 Uncommon trap: reason=bimorphic_or_optimized_type_check action=maybe_recompile pc=0x0000019db43275e4 method=org.eclipse.jdt.internal.core.search.matching.MatchLocator.findIndexMatches(Lorg/eclipse/jdt/core/search/SearchPattern;Lorg/eclipse/jdt/internal/co
Event: 788.530 Thread 0x0000019e078ec7f0 DEOPT PACKING pc=0x0000019db43275e4 sp=0x0000005db32fedf0
Event: 788.530 Thread 0x0000019e078ec7f0 DEOPT UNPACKING pc=0x0000019db39e3aa2 sp=0x0000005db32fed68 mode 2
Event: 788.530 Thread 0x0000019e078ec7f0 Uncommon trap: trap_request=0xffffff66 fr.pc=0x0000019db4caadb0 relative=0x0000000000003030
Event: 788.530 Thread 0x0000019e078ec7f0 Uncommon trap: reason=speculate_class_check action=maybe_recompile pc=0x0000019db4caadb0 method=org.eclipse.jdt.core.search.SearchPattern.findIndexMatches(Lorg/eclipse/jdt/internal/core/index/Index;Lorg/eclipse/jdt/internal/core/search/IndexQueryRequestor
Event: 788.530 Thread 0x0000019e078ec7f0 DEOPT PACKING pc=0x0000019db4caadb0 sp=0x0000005db32feba0
Event: 788.530 Thread 0x0000019e078ec7f0 DEOPT UNPACKING pc=0x0000019db39e3aa2 sp=0x0000005db32febe8 mode 2
Event: 789.427 Thread 0x0000019e080abb80 Uncommon trap: trap_request=0xffffffde fr.pc=0x0000019db452ce78 relative=0x0000000000000598
Event: 789.427 Thread 0x0000019e080abb80 Uncommon trap: reason=class_check action=maybe_recompile pc=0x0000019db452ce78 method=java.util.HashMap.removeNode(ILjava/lang/Object;Ljava/lang/Object;ZZ)Ljava/util/HashMap$Node; @ 143 c2
Event: 789.427 Thread 0x0000019e080abb80 DEOPT PACKING pc=0x0000019db452ce78 sp=0x0000005db38febe0
Event: 789.428 Thread 0x0000019e080abb80 DEOPT UNPACKING pc=0x0000019db39e3aa2 sp=0x0000005db38feae8 mode 2
Event: 794.311 Thread 0x0000019e080a9ab0 Uncommon trap: trap_request=0xffffffe4 fr.pc=0x0000019db53f70f0 relative=0x0000000000000190
Event: 794.311 Thread 0x0000019e080a9ab0 Uncommon trap: reason=range_check action=make_not_entrant pc=0x0000019db53f70f0 method=org.eclipse.jdt.internal.compiler.lookup.Scope.getBaseType([C)Lorg/eclipse/jdt/internal/compiler/lookup/TypeBinding; @ 16 c2
Event: 794.311 Thread 0x0000019e080a9ab0 DEOPT PACKING pc=0x0000019db53f70f0 sp=0x0000005db30fdc90
Event: 794.311 Thread 0x0000019e080a9ab0 DEOPT UNPACKING pc=0x0000019db39e3aa2 sp=0x0000005db30fdc18 mode 2
Event: 794.641 Thread 0x0000019e080a9ab0 Uncommon trap: trap_request=0xffffffde fr.pc=0x0000019db452ce78 relative=0x0000000000000598
Event: 794.641 Thread 0x0000019e080a9ab0 Uncommon trap: reason=class_check action=maybe_recompile pc=0x0000019db452ce78 method=java.util.HashMap.removeNode(ILjava/lang/Object;Ljava/lang/Object;ZZ)Ljava/util/HashMap$Node; @ 143 c2
Event: 794.641 Thread 0x0000019e080a9ab0 DEOPT PACKING pc=0x0000019db452ce78 sp=0x0000005db30feb00
Event: 794.768 Thread 0x0000019e080a9ab0 DEOPT UNPACKING pc=0x0000019db39e3aa2 sp=0x0000005db30fea08 mode 2

Classes loaded (20 events):
Event: 453.667 Loading class java/util/stream/Nodes$AbstractConcNode done
Event: 453.667 Loading class java/util/stream/Nodes$ConcNode done
Event: 453.876 Loading class java/io/ObjectOutputStream$BlockDataOutputStream
Event: 453.882 Loading class java/io/ObjectOutputStream$BlockDataOutputStream done
Event: 453.883 Loading class java/io/ObjectOutputStream$HandleTable
Event: 453.885 Loading class java/io/ObjectOutputStream$HandleTable done
Event: 453.885 Loading class java/io/ObjectOutputStream$ReplaceTable
Event: 453.887 Loading class java/io/ObjectOutputStream$ReplaceTable done
Event: 698.280 Loading class org/xml/sax/SAXNotRecognizedException
Event: 698.282 Loading class org/xml/sax/SAXNotRecognizedException done
Event: 698.283 Loading class org/xml/sax/SAXNotSupportedException
Event: 698.284 Loading class org/xml/sax/SAXNotSupportedException done
Event: 698.324 Loading class com/sun/org/apache/xerces/internal/util/URI
Event: 698.356 Loading class com/sun/org/apache/xerces/internal/util/URI done
Event: 698.388 Loading class com/sun/org/apache/xerces/internal/xni/XNIException
Event: 698.389 Loading class com/sun/org/apache/xerces/internal/xni/XNIException done
Event: 698.653 Loading class com/sun/org/apache/xerces/internal/xni/parser/XMLParseException
Event: 698.656 Loading class com/sun/org/apache/xerces/internal/xni/parser/XMLParseException done
Event: 713.566 Loading class javax/xml/transform/TransformerConfigurationException
Event: 713.567 Loading class javax/xml/transform/TransformerConfigurationException done

Classes unloaded (7 events):
Event: 70.329 Thread 0x0000019da931c650 Unloading class 0x0000019dc11a9400 'java/lang/invoke/LambdaForm$MH+0x0000019dc11a9400'
Event: 70.329 Thread 0x0000019da931c650 Unloading class 0x0000019dc11a9000 'java/lang/invoke/LambdaForm$MH+0x0000019dc11a9000'
Event: 70.329 Thread 0x0000019da931c650 Unloading class 0x0000019dc11a8c00 'java/lang/invoke/LambdaForm$MH+0x0000019dc11a8c00'
Event: 70.329 Thread 0x0000019da931c650 Unloading class 0x0000019dc11a8800 'java/lang/invoke/LambdaForm$MH+0x0000019dc11a8800'
Event: 70.329 Thread 0x0000019da931c650 Unloading class 0x0000019dc11a8400 'java/lang/invoke/LambdaForm$BMH+0x0000019dc11a8400'
Event: 70.329 Thread 0x0000019da931c650 Unloading class 0x0000019dc11a8000 'java/lang/invoke/LambdaForm$DMH+0x0000019dc11a8000'
Event: 70.329 Thread 0x0000019da931c650 Unloading class 0x0000019dc11a6c00 'java/lang/invoke/LambdaForm$DMH+0x0000019dc11a6c00'

Classes redefined (0 events):
No events

Internal exceptions (20 events):
Event: 766.400 Thread 0x0000019e080a8d90 Exception <a 'sun/nio/fs/WindowsException'{0x00000000d56bdf40}> (0x00000000d56bdf40) 
thrown [s\src\hotspot\share\prims\jni.cpp, line 520]
Event: 766.400 Thread 0x0000019e080a8d90 Exception <a 'sun/nio/fs/WindowsException'{0x00000000d56be9f8}> (0x00000000d56be9f8) 
thrown [s\src\hotspot\share\prims\jni.cpp, line 520]
Event: 766.401 Thread 0x0000019e080a8d90 Exception <a 'sun/nio/fs/WindowsException'{0x00000000d56c0088}> (0x00000000d56c0088) 
thrown [s\src\hotspot\share\prims\jni.cpp, line 520]
Event: 766.401 Thread 0x0000019e080a8d90 Exception <a 'sun/nio/fs/WindowsException'{0x00000000d56c0e00}> (0x00000000d56c0e00) 
thrown [s\src\hotspot\share\prims\jni.cpp, line 520]
Event: 766.401 Thread 0x0000019e080a8d90 Exception <a 'sun/nio/fs/WindowsException'{0x00000000d56c3650}> (0x00000000d56c3650) 
thrown [s\src\hotspot\share\prims\jni.cpp, line 520]
Event: 766.401 Thread 0x0000019e080a8d90 Exception <a 'sun/nio/fs/WindowsException'{0x00000000d56c4108}> (0x00000000d56c4108) 
thrown [s\src\hotspot\share\prims\jni.cpp, line 520]
Event: 766.408 Thread 0x0000019e080a8d90 Exception <a 'sun/nio/fs/WindowsException'{0x00000000d56fb068}> (0x00000000d56fb068) 
thrown [s\src\hotspot\share\prims\jni.cpp, line 520]
Event: 766.408 Thread 0x0000019e080a8d90 Exception <a 'sun/nio/fs/WindowsException'{0x00000000d56fc010}> (0x00000000d56fc010) 
thrown [s\src\hotspot\share\prims\jni.cpp, line 520]
Event: 766.719 Thread 0x0000019e06834fe0 Exception <a 'sun/nio/fs/WindowsException'{0x00000000d5660a30}> (0x00000000d5660a30) 
thrown [s\src\hotspot\share\prims\jni.cpp, line 520]
Event: 770.115 Thread 0x0000019e06834fe0 Exception <a 'sun/nio/fs/WindowsException'{0x00000000d5890170}> (0x00000000d5890170) 
thrown [s\src\hotspot\share\prims\jni.cpp, line 520]
Event: 770.362 Thread 0x0000019e06834fe0 Implicit null exception at 0x0000019db5228076 to 0x0000019db522e5cc
Event: 783.711 Thread 0x0000019e06834fe0 Exception <a 'sun/nio/fs/WindowsException'{0x00000000d59eba40}> (0x00000000d59eba40) 
thrown [s\src\hotspot\share\prims\jni.cpp, line 520]
Event: 784.131 Thread 0x0000019e06834950 Exception <a 'java/lang/ArrayIndexOutOfBoundsException'{0x00000000d59144f0}> (0x00000000d59144f0) 
thrown [s\src\hotspot\share\runtime\sharedRuntime.cpp, line 625]
Event: 784.430 Thread 0x0000019e06834950 Exception <a 'java/lang/ArrayIndexOutOfBoundsException'{0x00000000d5c28448}> (0x00000000d5c28448) 
thrown [s\src\hotspot\share\runtime\sharedRuntime.cpp, line 625]
Event: 784.431 Thread 0x0000019e06834950 Exception <a 'java/lang/ArrayIndexOutOfBoundsException'{0x00000000d5c28a80}> (0x00000000d5c28a80) 
thrown [s\src\hotspot\share\runtime\sharedRuntime.cpp, line 625]
Event: 784.431 Thread 0x0000019e06834950 Exception <a 'java/lang/ArrayIndexOutOfBoundsException'{0x00000000d5c28e08}> (0x00000000d5c28e08) 
thrown [s\src\hotspot\share\runtime\sharedRuntime.cpp, line 625]
Event: 784.989 Thread 0x0000019e06834950 Exception <a 'java/lang/IncompatibleClassChangeError'{0x00000000d5581d50}: Found class java.lang.Object, but interface was expected> (0x00000000d5581d50) 
thrown [s\src\hotspot\share\interpreter\linkResolver.cpp, line 840]
Event: 785.239 Thread 0x0000019e06834950 Implicit null exception at 0x0000019db4e9ecac to 0x0000019db4e9f6d4
Event: 787.980 Thread 0x0000019e06834fe0 Exception <a 'sun/nio/fs/WindowsException'{0x00000000d5b484d8}> (0x00000000d5b484d8) 
thrown [s\src\hotspot\share\prims\jni.cpp, line 520]
Event: 788.465 Thread 0x0000019e06834fe0 Exception <a 'sun/nio/fs/WindowsException'{0x00000000d58589d0}> (0x00000000d58589d0) 
thrown [s\src\hotspot\share\prims\jni.cpp, line 520]

ZGC Phase Switch (0 events):
No events

VM Operations (20 events):
Event: 793.519 Executing safepoint VM operation: ParallelGCFailedAllocation (Allocation Failure)
Event: 793.527 Executing safepoint VM operation: ParallelGCFailedAllocation (Allocation Failure) done
Event: 793.544 Executing safepoint VM operation: ParallelGCFailedAllocation (Allocation Failure)
Event: 793.550 Executing safepoint VM operation: ParallelGCFailedAllocation (Allocation Failure) done
Event: 793.557 Executing safepoint VM operation: ParallelGCFailedAllocation (Allocation Failure)
Event: 793.561 Executing safepoint VM operation: ParallelGCFailedAllocation (Allocation Failure) done
Event: 793.788 Executing safepoint VM operation: ParallelGCFailedAllocation (Allocation Failure)
Event: 793.837 Executing safepoint VM operation: ParallelGCFailedAllocation (Allocation Failure) done
Event: 794.057 Executing safepoint VM operation: ParallelGCFailedAllocation (Allocation Failure)
Event: 794.104 Executing safepoint VM operation: ParallelGCFailedAllocation (Allocation Failure) done
Event: 794.170 Executing safepoint VM operation: ParallelGCFailedAllocation (Allocation Failure)
Event: 794.175 Executing safepoint VM operation: ParallelGCFailedAllocation (Allocation Failure) done
Event: 794.176 Executing safepoint VM operation: ParallelGCFailedAllocation (Allocation Failure)
Event: 794.180 Executing safepoint VM operation: ParallelGCFailedAllocation (Allocation Failure) done
Event: 794.184 Executing safepoint VM operation: ParallelGCFailedAllocation (Allocation Failure)
Event: 794.213 Executing safepoint VM operation: ParallelGCFailedAllocation (Allocation Failure) done
Event: 794.225 Executing safepoint VM operation: ParallelGCFailedAllocation (Allocation Failure)
Event: 794.253 Executing safepoint VM operation: ParallelGCFailedAllocation (Allocation Failure) done
Event: 794.471 Executing safepoint VM operation: ParallelGCFailedAllocation (Allocation Failure)
Event: 794.530 Executing safepoint VM operation: ParallelGCFailedAllocation (Allocation Failure) done

Memory protections (0 events):
No events

Nmethod flushes (20 events):
Event: 408.030 Thread 0x0000019da931c650 flushing  nmethod 0x0000019dad58f210
Event: 408.030 Thread 0x0000019da931c650 flushing  nmethod 0x0000019dad58fc90
Event: 408.030 Thread 0x0000019da931c650 flushing  nmethod 0x0000019dad590410
Event: 408.030 Thread 0x0000019da931c650 flushing  nmethod 0x0000019dad590c90
Event: 408.030 Thread 0x0000019da931c650 flushing  nmethod 0x0000019dad595110
Event: 408.030 Thread 0x0000019da931c650 flushing  nmethod 0x0000019dad5c9890
Event: 408.030 Thread 0x0000019da931c650 flushing osr nmethod 0x0000019dad5ca410
Event: 408.030 Thread 0x0000019da931c650 flushing  nmethod 0x0000019dad5cac90
Event: 408.030 Thread 0x0000019da931c650 flushing  nmethod 0x0000019dad5d2b90
Event: 408.030 Thread 0x0000019da931c650 flushing  nmethod 0x0000019dad5d3610
Event: 408.030 Thread 0x0000019da931c650 flushing  nmethod 0x0000019dad5d4d10
Event: 408.030 Thread 0x0000019da931c650 flushing  nmethod 0x0000019dad5d5590
Event: 408.030 Thread 0x0000019da931c650 flushing  nmethod 0x0000019dad5d5b90
Event: 408.030 Thread 0x0000019da931c650 flushing  nmethod 0x0000019dad5d7b10
Event: 408.030 Thread 0x0000019da931c650 flushing  nmethod 0x0000019dad614e90
Event: 408.030 Thread 0x0000019da931c650 flushing osr nmethod 0x0000019dad61a010
Event: 408.030 Thread 0x0000019da931c650 flushing  nmethod 0x0000019dad61c190
Event: 408.030 Thread 0x0000019da931c650 flushing  nmethod 0x0000019dad633390
Event: 408.030 Thread 0x0000019da931c650 flushing  nmethod 0x0000019dad64e310
Event: 408.030 Thread 0x0000019da931c650 flushing osr nmethod 0x0000019dad653810

Events (20 events):
Event: 784.648 Thread 0x0000019e080ab4f0 Thread exited: 0x0000019e080ab4f0
Event: 784.650 Thread 0x0000019e080acf30 Thread exited: 0x0000019e080acf30
Event: 784.652 Thread 0x0000019e080aa7d0 Thread exited: 0x0000019e080aa7d0
Event: 784.727 Thread 0x0000019e080ae2e0 Thread exited: 0x0000019e080ae2e0
Event: 784.730 Thread 0x0000019e080a9ab0 Thread exited: 0x0000019e080a9ab0
Event: 784.744 Thread 0x0000019e080ad5c0 Thread exited: 0x0000019e080ad5c0
Event: 784.748 Thread 0x0000019e080adc50 Thread exited: 0x0000019e080adc50
Event: 784.852 Thread 0x0000019e080aa140 Thread exited: 0x0000019e080aa140
Event: 784.853 Thread 0x0000019e080ae970 Thread exited: 0x0000019e080ae970
Event: 784.928 Thread 0x0000019e06834950 Thread added: 0x0000019e080ab4f0
Event: 784.933 Thread 0x0000019e06834950 Thread added: 0x0000019e080aa140
Event: 784.940 Thread 0x0000019e080ab4f0 Thread exited: 0x0000019e080ab4f0
Event: 784.945 Thread 0x0000019e06834950 Thread added: 0x0000019e080a8700
Event: 784.945 Thread 0x0000019e06834950 Thread added: 0x0000019e080a8d90
Event: 784.951 Thread 0x0000019e080aa140 Thread exited: 0x0000019e080aa140
Event: 784.982 Thread 0x0000019e080a8700 Thread exited: 0x0000019e080a8700
Event: 784.983 Thread 0x0000019e080a8d90 Thread exited: 0x0000019e080a8d90
Event: 789.679 Thread 0x0000019e080abb80 Thread exited: 0x0000019e080abb80
Event: 792.752 Thread 0x0000019e06834950 Thread added: 0x0000019e080a9ab0
Event: 794.772 Thread 0x0000019e080a9ab0 Thread exited: 0x0000019e080a9ab0


Dynamic libraries:
0x00007ff6c7fd0000 - 0x00007ff6c7fde000 	c:\Users\Lenovo\.vscode\extensions\redhat.java-1.54.0-win32-x64\jre\21.0.10-win32-x86_64\bin\java.exe
0x00007fff70c80000 - 0x00007fff70ee7000 	C:\WINDOWS\SYSTEM32\ntdll.dll
0x00007fff6f400000 - 0x00007fff6f4c9000 	C:\WINDOWS\System32\KERNEL32.DLL
0x00007fff6d6b0000 - 0x00007fff6daa7000 	C:\WINDOWS\System32\KERNELBASE.dll
0x00007fff6e6c0000 - 0x00007fff6e80b000 	C:\WINDOWS\System32\ucrtbase.dll
0x00007fff62060000 - 0x00007fff62078000 	c:\Users\Lenovo\.vscode\extensions\redhat.java-1.54.0-win32-x64\jre\21.0.10-win32-x86_64\bin\jli.dll
0x00007fff6f920000 - 0x00007fff6fae6000 	C:\WINDOWS\System32\USER32.dll
0x00007fff6dce0000 - 0x00007fff6dd07000 	C:\WINDOWS\System32\win32u.dll
0x00007fff70c10000 - 0x00007fff70c3b000 	C:\WINDOWS\System32\GDI32.dll
0x00007fff6e8d0000 - 0x00007fff6e9fc000 	C:\WINDOWS\System32\gdi32full.dll
0x00007fff6dab0000 - 0x00007fff6db53000 	C:\WINDOWS\System32\msvcp_win.dll
0x00007fff43ae0000 - 0x00007fff43afe000 	c:\Users\Lenovo\.vscode\extensions\redhat.java-1.54.0-win32-x64\jre\21.0.10-win32-x86_64\bin\VCRUNTIME140.dll
0x00007fff5e2b0000 - 0x00007fff5e542000 	C:\WINDOWS\WinSxS\amd64_microsoft.windows.common-controls_6595b64144ccf1df_6.0.26100.8457_none_3e0b2faee331e92d\COMCTL32.dll
0x00007fff6ea90000 - 0x00007fff6eb39000 	C:\WINDOWS\System32\msvcrt.dll
0x00007fff6ea50000 - 0x00007fff6ea82000 	C:\WINDOWS\System32\IMM32.DLL
0x00007fff68a70000 - 0x00007fff68a7c000 	c:\Users\Lenovo\.vscode\extensions\redhat.java-1.54.0-win32-x64\jre\21.0.10-win32-x86_64\bin\vcruntime140_1.dll
0x00007fff46a30000 - 0x00007fff46abd000 	c:\Users\Lenovo\.vscode\extensions\redhat.java-1.54.0-win32-x64\jre\21.0.10-win32-x86_64\bin\msvcp140.dll
0x00007ffecb720000 - 0x00007ffecc4c1000 	c:\Users\Lenovo\.vscode\extensions\redhat.java-1.54.0-win32-x64\jre\21.0.10-win32-x86_64\bin\server\jvm.dll
0x00007fff708e0000 - 0x00007fff70996000 	C:\WINDOWS\System32\ADVAPI32.dll
0x00007fff6fb90000 - 0x00007fff6fc37000 	C:\WINDOWS\System32\sechost.dll
0x00007fff6f590000 - 0x00007fff6f6a8000 	C:\WINDOWS\System32\RPCRT4.dll
0x00007fff6f6b0000 - 0x00007fff6f730000 	C:\WINDOWS\System32\WS2_32.dll
0x00007fff6d510000 - 0x00007fff6d56e000 	C:\WINDOWS\SYSTEM32\POWRPROF.dll
0x00007fff67d40000 - 0x00007fff67d76000 	C:\WINDOWS\SYSTEM32\WINMM.dll
0x00007fff67d80000 - 0x00007fff67d8b000 	C:\WINDOWS\SYSTEM32\VERSION.dll
0x00007fff6d4f0000 - 0x00007fff6d504000 	C:\WINDOWS\SYSTEM32\UMPDC.dll
0x00007fff6c440000 - 0x00007fff6c45b000 	C:\WINDOWS\SYSTEM32\kernel.appcore.dll
0x00007fff68a60000 - 0x00007fff68a6a000 	c:\Users\Lenovo\.vscode\extensions\redhat.java-1.54.0-win32-x64\jre\21.0.10-win32-x86_64\bin\jimage.dll
0x00007fff6b8c0000 - 0x00007fff6bb02000 	C:\WINDOWS\SYSTEM32\DBGHELP.DLL
0x00007fff70020000 - 0x00007fff703a3000 	C:\WINDOWS\System32\combase.dll
0x00007fff6ff40000 - 0x00007fff70019000 	C:\WINDOWS\System32\OLEAUT32.dll
0x00007fff56f20000 - 0x00007fff56f5b000 	C:\WINDOWS\SYSTEM32\dbgcore.DLL
0x00007fff6e610000 - 0x00007fff6e6b8000 	C:\WINDOWS\System32\bcryptPrimitives.dll
0x00007fff620a0000 - 0x00007fff620af000 	c:\Users\Lenovo\.vscode\extensions\redhat.java-1.54.0-win32-x64\jre\21.0.10-win32-x86_64\bin\instrument.dll
0x00007fff4f4b0000 - 0x00007fff4f4d0000 	c:\Users\Lenovo\.vscode\extensions\redhat.java-1.54.0-win32-x64\jre\21.0.10-win32-x86_64\bin\java.dll
0x00007fff6ec80000 - 0x00007fff6f3ee000 	C:\WINDOWS\System32\SHELL32.dll
0x00007fff6dd10000 - 0x00007fff6e57c000 	C:\WINDOWS\System32\windows.storage.dll
0x00007fff6fc40000 - 0x00007fff6fd36000 	C:\WINDOWS\System32\SHCORE.dll
0x00007fff709a0000 - 0x00007fff70a06000 	C:\WINDOWS\System32\shlwapi.dll
0x00007fff6d5a0000 - 0x00007fff6d5c9000 	C:\WINDOWS\SYSTEM32\profapi.dll
0x00007fff46a10000 - 0x00007fff46a28000 	c:\Users\Lenovo\.vscode\extensions\redhat.java-1.54.0-win32-x64\jre\21.0.10-win32-x86_64\bin\zip.dll
0x00007fff61fd0000 - 0x00007fff61fe0000 	C:\Users\Lenovo\.vscode\extensions\redhat.java-1.54.0-win32-x64\jre\21.0.10-win32-x86_64\bin\net.dll
0x00007fff60740000 - 0x00007fff60869000 	C:\WINDOWS\SYSTEM32\WINHTTP.dll
0x00007fff6c9b0000 - 0x00007fff6ca1c000 	C:\WINDOWS\system32\mswsock.dll
0x00007fff469f0000 - 0x00007fff46a06000 	C:\Users\Lenovo\.vscode\extensions\redhat.java-1.54.0-win32-x64\jre\21.0.10-win32-x86_64\bin\nio.dll
0x00007fff4f4a0000 - 0x00007fff4f4b0000 	c:\Users\Lenovo\.vscode\extensions\redhat.java-1.54.0-win32-x64\jre\21.0.10-win32-x86_64\bin\verify.dll
0x00007fff0f860000 - 0x00007fff0f8a5000 	C:\Users\Lenovo\AppData\Roaming\Code\User\globalStorage\redhat.java\1.54.0\config_win\org.eclipse.equinox.launcher\org.eclipse.equinox.launcher.win32.win32.x86_64_1.3.0.v20260203-2149\eclipse_11919.dll
0x00007fff6fd40000 - 0x00007fff6fed7000 	C:\WINDOWS\System32\ole32.dll
0x00007fff6cc90000 - 0x00007fff6ccab000 	C:\WINDOWS\SYSTEM32\CRYPTSP.dll
0x00007fff6c3a0000 - 0x00007fff6c3d9000 	C:\WINDOWS\system32\rsaenh.dll
0x00007fff6ca60000 - 0x00007fff6ca93000 	C:\WINDOWS\SYSTEM32\USERENV.dll
0x00007fff6d5d0000 - 0x00007fff6d5fa000 	C:\WINDOWS\SYSTEM32\bcrypt.dll
0x00007fff6ccb0000 - 0x00007fff6ccbc000 	C:\WINDOWS\SYSTEM32\CRYPTBASE.dll
0x00007fff6bf00000 - 0x00007fff6bf32000 	C:\WINDOWS\SYSTEM32\IPHLPAPI.DLL
0x00007fff6fb80000 - 0x00007fff6fb8a000 	C:\WINDOWS\System32\NSI.dll
0x00007fff43310000 - 0x00007fff43359000 	C:\Users\Lenovo\AppData\Local\Temp\jna--2022488749\jna5414732264693869808.dll
0x00007fff6fb70000 - 0x00007fff6fb78000 	C:\WINDOWS\System32\PSAPI.DLL
0x00007fff61b30000 - 0x00007fff61b4d000 	C:\WINDOWS\SYSTEM32\dhcpcsvc6.DLL
0x00007fff60710000 - 0x00007fff60735000 	C:\WINDOWS\SYSTEM32\dhcpcsvc.DLL

JVMTI agents:
c:\Users\Lenovo\.vscode\extensions\redhat.java-1.54.0-win32-x64\lombok\lombok-1.18.39-4050.jar path:c:\Users\Lenovo\.vscode\extensions\redhat.java-1.54.0-win32-x64\jre\21.0.10-win32-x86_64\bin\instrument.dll, loaded, initialized, instrumentlib options:none

dbghelp: loaded successfully - version: 4.0.5 - missing functions: none
symbol engine: initialized successfully - sym options: 0x614 - pdb path: .;c:\Users\Lenovo\.vscode\extensions\redhat.java-1.54.0-win32-x64\jre\21.0.10-win32-x86_64\bin;C:\WINDOWS\SYSTEM32;C:\WINDOWS\WinSxS\amd64_microsoft.windows.common-controls_6595b64144ccf1df_6.0.26100.8457_none_3e0b2faee331e92d;c:\Users\Lenovo\.vscode\extensions\redhat.java-1.54.0-win32-x64\jre\21.0.10-win32-x86_64\bin\server;C:\Users\Lenovo\AppData\Roaming\Code\User\globalStorage\redhat.java\1.54.0\config_win\org.eclipse.equinox.launcher\org.eclipse.equinox.launcher.win32.win32.x86_64_1.3.0.v20260203-2149;C:\Users\Lenovo\AppData\Local\Temp\jna--2022488749

VM Arguments:
jvm_args: --add-modules=ALL-SYSTEM --add-opens=java.base/java.util=ALL-UNNAMED --add-opens=java.base/java.lang=ALL-UNNAMED --add-opens=java.base/sun.nio.fs=ALL-UNNAMED -Declipse.application=org.eclipse.jdt.ls.core.id1 -Dosgi.bundles.defaultStartLevel=4 -Declipse.product=org.eclipse.jdt.ls.core.product -Djava.import.generatesMetadataFilesAtProjectRoot=false -DDetectVMInstallationsJob.disabled=true -Dfile.encoding=utf8 -XX:+UseParallelGC -XX:GCTimeRatio=4 -XX:AdaptiveSizePolicyWeight=90 -Dsun.zip.disableMemoryMapping=true -Xmx2G -Xms100m -Xlog:disable -javaagent:c:\Users\Lenovo\.vscode\extensions\redhat.java-1.54.0-win32-x64\lombok\lombok-1.18.39-4050.jar -XX:+HeapDumpOnOutOfMemoryError -XX:HeapDumpPath=c:\Users\Lenovo\AppData\Roaming\Code\User\workspaceStorage\a4d4b5d5a47f321648e89800caf37509\redhat.java -Daether.dependencyCollector.impl=bf 
java_command: c:\Users\Lenovo\.vscode\extensions\redhat.java-1.54.0-win32-x64\server\plugins\org.eclipse.equinox.launcher_1.7.100.v20251111-0406.jar -configuration c:\Users\Lenovo\AppData\Roaming\Code\User\globalStorage\redhat.java\1.54.0\config_win -data c:\Users\Lenovo\AppData\Roaming\Code\User\workspaceStorage\a4d4b5d5a47f321648e89800caf37509\redhat.java\jdt_ws --pipe=\\.\pipe\lsp-ced9e4ad0938a67a4cf4fd9444ef35d3-sock
java_class_path (initial): c:\Users\Lenovo\.vscode\extensions\redhat.java-1.54.0-win32-x64\server\plugins\org.eclipse.equinox.launcher_1.7.100.v20251111-0406.jar
Launcher Type: SUN_STANDARD

[Global flags]
    uintx AdaptiveSizePolicyWeight                 = 90                                        {product} {command line}
     intx CICompilerCount                          = 2                                         {product} {ergonomic}
    uintx GCTimeRatio                              = 4                                         {product} {command line}
     bool HeapDumpOnOutOfMemoryError               = true                                   {manageable} {command line}
    ccstr HeapDumpPath                             = c:\Users\Lenovo\AppData\Roaming\Code\User\workspaceStorage\a4d4b5d5a47f321648e89800caf37509\redhat.java         {manageable} {command line}
   size_t InitialHeapSize                          = 104857600                                 {product} {command line}
   size_t MaxHeapSize                              = 2147483648                                {product} {command line}
   size_t MaxNewSize                               = 715653120                                 {product} {ergonomic}
   size_t MinHeapDeltaBytes                        = 524288                                    {product} {ergonomic}
   size_t MinHeapSize                              = 104857600                                 {product} {command line}
   size_t NewSize                                  = 34603008                                  {product} {ergonomic}
    uintx NonNMethodCodeHeapSize                   = 5826188                                {pd product} {ergonomic}
    uintx NonProfiledCodeHeapSize                  = 122916026                              {pd product} {ergonomic}
   size_t OldSize                                  = 70254592                                  {product} {ergonomic}
    uintx ProfiledCodeHeapSize                     = 122916026                              {pd product} {ergonomic}
    uintx ReservedCodeCacheSize                    = 251658240                              {pd product} {ergonomic}
     bool SegmentedCodeCache                       = true                                      {product} {ergonomic}
   size_t SoftMaxHeapSize                          = 2147483648                             {manageable} {ergonomic}
     bool UseCompressedOops                        = true                           {product lp64_product} {ergonomic}
     bool UseLargePagesIndividualAllocation        = false                                  {pd product} {ergonomic}
     bool UseParallelGC                            = true                                      {product} {command line}

Logging:
Log output configuration:
 #0: stdout all=off uptime,level,tags foldmultilines=false
 #1: stderr all=off uptime,level,tags foldmultilines=false

Release file:
JAVA_VERSION="21.0.10" 
MODULES="java.base java.compiler java.datatransfer java.xml java.prefs java.desktop java.instrument java.logging java.management java.security.sasl java.naming java.rmi java.management.rmi java.net.http java.scripting java.security.jgss java.transaction.xa java.sql java.sql.rowset java.xml.crypto java.se java.smartcardio jdk.accessibility jdk.internal.jvmstat jdk.attach jdk.charsets jdk.internal.opt jdk.zipfs jdk.compiler jdk.crypto.ec jdk.crypto.cryptoki jdk.crypto.mscapi jdk.dynalink jdk.internal.ed jdk.editpad jdk.hotspot.agent jdk.httpserver jdk.internal.le jdk.internal.vm.ci jdk.internal.vm.compiler jdk.internal.vm.compiler.management jdk.jartool jdk.javadoc jdk.jcmd jdk.management jdk.management.agent jdk.jconsole jdk.jdeps jdk.jdwp.agent jdk.jdi jdk.jfr jdk.jshell jdk.jsobject jdk.jstatd jdk.localedata jdk.management.jfr jdk.naming.dns jdk.naming.rmi jdk.net jdk.nio.mapmode jdk.random jdk.sctp jdk.security.auth jdk.security.jgss jdk.unsupported jdk.unsupported.desktop jdk.xml.dom" 

Environment Variables:
PATH=C:\Program Files\Eclipse Adoptium\jdk-25.0.3.9-hotspot\bin;C:\NEWOracle\dbhomeXE\bin;C:\Python312\Scripts\;C:\Python312\;C:\WINDOWS\system32;C:\WINDOWS;C:\WINDOWS\System32\Wbem;C:\WINDOWS\System32\WindowsPowerShell\v1.0\;C:\WINDOWS\System32\OpenSSH\;C:\Program Files\nodejs\;C:\ProgramData\chocolatey\bin;C:\Program Files\Git\cmd;C:\Program Files\MySQL\MySQL Shell 8.0\bin\;C:\Users\Lenovo\AppData\Local\Programs\Python\Python311\Scripts\;C:\Users\Lenovo\AppData\Local\Programs\Python\Python311\;C:\Users\Lenovo\AppData\Local\Microsoft\WindowsApps;;C:\Users\Lenovo\AppData\Local\Programs\Microsoft VS Code\bin;C:\Users\Lenovo\AppData\Roaming\npm
USERNAME=Lenovo
OS=Windows_NT
PROCESSOR_IDENTIFIER=AMD64 Family 23 Model 24 Stepping 1, AuthenticAMD
TMP=C:\Users\Lenovo\AppData\Local\Temp
TEMP=C:\Users\Lenovo\AppData\Local\Temp




Periodic native trim disabled

---------------  S Y S T E M  ---------------

OS:
 Windows 11 , 64 bit Build 26100 (10.0.26100.8328)
OS uptime: 0 days 1:32 hours

CPU: total 2 (initial active 2) (2 cores per cpu, 1 threads per core) family 23 model 24 stepping 1 microcode 0x8108109, cx8, cmov, fxsr, mmx, 3dnowpref, sse, sse2, sse3, ssse3, sse4a, sse4.1, sse4.2, popcnt, lzcnt, tsc, tscinvbit, avx, avx2, aes, clmul, bmi1, bmi2, adx, sha, fma, vzeroupper, clflush, clflushopt, rdtscp, f16c
Processor Information for the first 2 processors :
  Max Mhz: 2300, Current Mhz: 2300, Mhz Limit: 2300

Memory: 4k page, system-wide physical 3460M (247M free)
TotalPageFile size 14212M (AvailPageFile size 0M)
current process WorkingSet (physical memory assigned to process): 324M, peak: 643M
current process commit charge ("private bytes"): 1539M, peak: 1546M

vm_info: OpenJDK 64-Bit Server VM (21.0.10+7-LTS) for windows-amd64 JRE (21.0.10+7-LTS), built on 2026-01-20T00:00:00Z by "admin" with MS VC++ 17.12 (VS2022)

END.
